Symlinking /home/lin/Workspaces/Programming-for-Robotics-ROS/smb_ws/devel/share/teleop_twist_keyboard/cmake/teleop_twist_keyboardConfig.cmake
Symlinking /home/lin/Workspaces/Programming-for-Robotics-ROS/smb_ws/devel/share/teleop_twist_keyboard/cmake/teleop_twist_keyboardConfig-version.cmake
Symlinking /home/lin/Workspaces/Programming-for-Robotics-ROS/smb_ws/devel/lib/teleop_twist_keyboard/teleop_twist_keyboard.py
Symlinking /home/lin/Workspaces/Programming-for-Robotics-ROS/smb_ws/devel/lib/teleop_twist_keyboard/cmake.lock
Symlinking /home/lin/Workspaces/Programming-for-Robotics-ROS/smb_ws/devel/lib/pkgconfig/teleop_twist_keyboard.pc
Cleaning: (/home/lin/Workspaces/smb_ws/devel/.private/teleop_twist_keyboard/cmake.lock, /home/lin/Workspaces/smb_ws/devel/./cmake.lock)
Cleaning: (/home/lin/Workspaces/smb_ws/devel/.private/teleop_twist_keyboard/share/teleop_twist_keyboard/cmake/teleop_twist_keyboardConfig.cmake, /home/lin/Workspaces/smb_ws/devel/share/teleop_twist_keyboard/cmake/teleop_twist_keyboardConfig.cmake)
Cleaning: (/home/lin/Workspaces/smb_ws/devel/.private/teleop_twist_keyboard/share/teleop_twist_keyboard/cmake/teleop_twist_keyboardConfig-version.cmake, /home/lin/Workspaces/smb_ws/devel/share/teleop_twist_keyboard/cmake/teleop_twist_keyboardConfig-version.cmake)
Cleaning: (/home/lin/Workspaces/smb_ws/devel/.private/teleop_twist_keyboard/lib/teleop_twist_keyboard/teleop_twist_keyboard.py, /home/lin/Workspaces/smb_ws/devel/lib/teleop_twist_keyboard/teleop_twist_keyboard.py)
Cleaning: (/home/lin/Workspaces/smb_ws/devel/.private/teleop_twist_keyboard/lib/teleop_twist_keyboard/cmake.lock, /home/lin/Workspaces/smb_ws/devel/lib/teleop_twist_keyboard/cmake.lock)
Cleaning: (/home/lin/Workspaces/smb_ws/devel/.private/teleop_twist_keyboard/lib/pkgconfig/teleop_twist_keyboard.pc, /home/lin/Workspaces/smb_ws/devel/lib/pkgconfig/teleop_twist_keyboard.pc)
Unlinking: /home/lin/Workspaces/smb_ws/devel/share/teleop_twist_keyboard/cmake/teleop_twist_keyboardConfig.cmake
Already unlinked: {}
Unlinking: /home/lin/Workspaces/smb_ws/devel/share/teleop_twist_keyboard/cmake/teleop_twist_keyboardConfig-version.cmake
Already unlinked: {}
Unlinking: /home/lin/Workspaces/smb_ws/devel/lib/teleop_twist_keyboard/teleop_twist_keyboard.py
Already unlinked: {}
Unlinking: /home/lin/Workspaces/smb_ws/devel/lib/teleop_twist_keyboard/cmake.lock
Already unlinked: {}
Unlinking: /home/lin/Workspaces/smb_ws/devel/lib/pkgconfig/teleop_twist_keyboard.pc
Already unlinked: {}
