[36m--[0m Using CATKIN_DEVEL_PREFIX: /home/lin/Workspaces/Programming-for-Robotics-ROS/smb_ws/devel/.private/smb_highlevel_controller
[36m--[0m Using CMAKE_PREFIX_PATH: /home/lin/Workspaces/Programming-for-Robotics-ROS/smb_ws/devel;/opt/ros/noetic
[36m--[0m This workspace overlays: /home/lin/Workspaces/Programming-for-Robotics-ROS/smb_ws/devel;/opt/ros/noetic
[36m--[0m Found PythonInterp: /usr/bin/python3 (found suitable version "3.8.10", minimum required is "3")
[36m--[0m Using PYTHON_EXECUTABLE: /usr/bin/python3
[36m--[0m Using Debian Python package layout
[36m--[0m Using empy: /usr/lib/python3/dist-packages/em.py
[36m--[0m Using CATKIN_ENABLE_TESTING: ON
[36m--[0m Call enable_testing()
[36m--[0m Using CATKIN_TEST_RESULTS_DIR: /home/lin/Workspaces/Programming-for-Robotics-ROS/smb_ws/build/smb_highlevel_controller/test_results
[36m--[0m Forcing gtest/gmock from source, though one was otherwise available.
[36m--[0m Found gtest sources under '/usr/src/googletest': gtests will be built
[36m--[0m Found gmock sources under '/usr/src/googletest': gmock will be built
[36m--[0m Found PythonInterp: /usr/bin/python3 (found version "3.8.10")
[36m--[0m Using Python nosetests: /usr/bin/nosetests3
[36m--[0m catkin 0.8.10
[36m--[0m BUILD_SHARED_LIBS is on
[31m[1mCMake Error[0m at /opt/ros/noetic/share/catkin/cmake/catkin_package.cmake:196 (message):
  catkin_package() the catkin package 'roscpp' has been find_package()-ed but
  is not listed as a build dependency in the package.xml
[36mCall Stack (most recent call first):[0m
  /opt/ros/noetic/share/catkin/cmake/catkin_package.cmake:102 (_catkin_package)
  CMakeLists.txt:28 (catkin_package)


[36m--[0m Configuring incomplete, errors occurred!
See also "/home/lin/Workspaces/Programming-for-Robotics-ROS/smb_ws/build/smb_highlevel_controller/CMakeFiles/CMakeOutput.log".
See also "/home/lin/Workspaces/Programming-for-Robotics-ROS/smb_ws/build/smb_highlevel_controller/CMakeFiles/CMakeError.log".
make: *** [Makefile:814: cmake_check_build_system] Error 1
