[35m[1mScanning dependencies of target smb_highlevel_controller[0m
[ 33%] [32mBuilding CXX object CMakeFiles/smb_highlevel_controller.dir/src/smb_highlevel_controller_node.cpp.o[0m
[ 66%] [32mBuilding CXX object CMakeFiles/smb_highlevel_controller.dir/src/SmbHighlevelController.cpp.o[0m
[100%] [32m[1mLinking CXX executable /home/lin/Workspaces/Programming-for-Robotics-ROS/smb_ws/devel/.private/smb_highlevel_controller/lib/smb_highlevel_controller/smb_highlevel_controller[0m
/usr/bin/ld: CMakeFiles/smb_highlevel_controller.dir/src/smb_highlevel_controller_node.cpp.o: in function `main':
smb_highlevel_controller_node.cpp:(.text+0x95): undefined reference to `ros::init(int&, char**, std::__cxx11::basic_string<char, std::char_traits<char>, std::allocator<char> > const&, unsigned int)'
/usr/bin/ld: smb_highlevel_controller_node.cpp:(.text+0x144): undefined reference to `ros::NodeHandle::NodeHandle(std::__cxx11::basic_string<char, std::char_traits<char>, std::allocator<char> > const&, std::map<std::__cxx11::basic_string<char, std::char_traits<char>, std::allocator<char> >, std::__cxx11::basic_string<char, std::char_traits<char>, std::allocator<char> >, std::less<std::__cxx11::basic_string<char, std::char_traits<char>, std::allocator<char> > >, std::allocator<std::pair<std::__cxx11::basic_string<char, std::char_traits<char>, std::allocator<char> > const, std::__cxx11::basic_string<char, std::char_traits<char>, std::allocator<char> > > > > const&)'
/usr/bin/ld: smb_highlevel_controller_node.cpp:(.text+0x18f): undefined reference to `ros::spin()'
/usr/bin/ld: smb_highlevel_controller_node.cpp:(.text+0x1b2): undefined reference to `ros::NodeHandle::~NodeHandle()'
/usr/bin/ld: smb_highlevel_controller_node.cpp:(.text+0x27b): undefined reference to `ros::NodeHandle::~NodeHandle()'
/usr/bin/ld: CMakeFiles/smb_highlevel_controller.dir/src/SmbHighlevelController.cpp.o: in function `smb_highlevel_controller::SmbHighlevelController::SmbHighlevelController(ros::NodeHandle&)':
SmbHighlevelController.cpp:(.text+0x7f): undefined reference to `ros::NodeHandle::NodeHandle(ros::NodeHandle const&)'
/usr/bin/ld: SmbHighlevelController.cpp:(.text+0x170): undefined reference to `ros::NodeHandle::getParam(std::__cxx11::basic_string<char, std::char_traits<char>, std::allocator<char> > const&, std::__cxx11::basic_string<char, std::char_traits<char>, std::allocator<char> >&) const'
/usr/bin/ld: SmbHighlevelController.cpp:(.text+0x19f): undefined reference to `ros::console::g_initialized'
/usr/bin/ld: SmbHighlevelController.cpp:(.text+0x1af): undefined reference to `ros::console::initialize()'
/usr/bin/ld: SmbHighlevelController.cpp:(.text+0x202): undefined reference to `ros::console::initializeLogLocation(ros::console::LogLocation*, std::__cxx11::basic_string<char, std::char_traits<char>, std::allocator<char> > const&, ros::console::levels::Level)'
/usr/bin/ld: SmbHighlevelController.cpp:(.text+0x242): undefined reference to `ros::console::setLogLocationLevel(ros::console::LogLocation*, ros::console::levels::Level)'
/usr/bin/ld: SmbHighlevelController.cpp:(.text+0x24e): undefined reference to `ros::console::checkLogLocationEnabled(ros::console::LogLocation*)'
/usr/bin/ld: SmbHighlevelController.cpp:(.text+0x2a6): undefined reference to `ros::console::print(ros::console::FilterBase*, void*, ros::console::levels::Level, char const*, int, char const*, char const*, ...)'
/usr/bin/ld: SmbHighlevelController.cpp:(.text+0x308): undefined reference to `ros::NodeHandle::getParam(std::__cxx11::basic_string<char, std::char_traits<char>, std::allocator<char> > const&, int&) const'
/usr/bin/ld: SmbHighlevelController.cpp:(.text+0x337): undefined reference to `ros::console::g_initialized'
/usr/bin/ld: SmbHighlevelController.cpp:(.text+0x347): undefined reference to `ros::console::initialize()'
/usr/bin/ld: SmbHighlevelController.cpp:(.text+0x39a): undefined reference to `ros::console::initializeLogLocation(ros::console::LogLocation*, std::__cxx11::basic_string<char, std::char_traits<char>, std::allocator<char> > const&, ros::console::levels::Level)'
/usr/bin/ld: SmbHighlevelController.cpp:(.text+0x3da): undefined reference to `ros::console::setLogLocationLevel(ros::console::LogLocation*, ros::console::levels::Level)'
/usr/bin/ld: SmbHighlevelController.cpp:(.text+0x3e6): undefined reference to `ros::console::checkLogLocationEnabled(ros::console::LogLocation*)'
/usr/bin/ld: SmbHighlevelController.cpp:(.text+0x43e): undefined reference to `ros::console::print(ros::console::FilterBase*, void*, ros::console::levels::Level, char const*, int, char const*, char const*, ...)'
/usr/bin/ld: SmbHighlevelController.cpp:(.text+0x4a0): undefined reference to `ros::NodeHandle::getParam(std::__cxx11::basic_string<char, std::char_traits<char>, std::allocator<char> > const&, float&) const'
/usr/bin/ld: SmbHighlevelController.cpp:(.text+0x4cf): undefined reference to `ros::console::g_initialized'
/usr/bin/ld: SmbHighlevelController.cpp:(.text+0x4df): undefined reference to `ros::console::initialize()'
/usr/bin/ld: SmbHighlevelController.cpp:(.text+0x532): undefined reference to `ros::console::initializeLogLocation(ros::console::LogLocation*, std::__cxx11::basic_string<char, std::char_traits<char>, std::allocator<char> > const&, ros::console::levels::Level)'
/usr/bin/ld: SmbHighlevelController.cpp:(.text+0x572): undefined reference to `ros::console::setLogLocationLevel(ros::console::LogLocation*, ros::console::levels::Level)'
/usr/bin/ld: SmbHighlevelController.cpp:(.text+0x57e): undefined reference to `ros::console::checkLogLocationEnabled(ros::console::LogLocation*)'
/usr/bin/ld: SmbHighlevelController.cpp:(.text+0x5d6): undefined reference to `ros::console::print(ros::console::FilterBase*, void*, ros::console::levels::Level, char const*, int, char const*, char const*, ...)'
/usr/bin/ld: SmbHighlevelController.cpp:(.text+0x638): undefined reference to `ros::NodeHandle::getParam(std::__cxx11::basic_string<char, std::char_traits<char>, std::allocator<char> > const&, std::__cxx11::basic_string<char, std::char_traits<char>, std::allocator<char> >&) const'
/usr/bin/ld: SmbHighlevelController.cpp:(.text+0x667): undefined reference to `ros::console::g_initialized'
/usr/bin/ld: SmbHighlevelController.cpp:(.text+0x677): undefined reference to `ros::console::initialize()'
/usr/bin/ld: SmbHighlevelController.cpp:(.text+0x6ca): undefined reference to `ros::console::initializeLogLocation(ros::console::LogLocation*, std::__cxx11::basic_string<char, std::char_traits<char>, std::allocator<char> > const&, ros::console::levels::Level)'
/usr/bin/ld: SmbHighlevelController.cpp:(.text+0x70a): undefined reference to `ros::console::setLogLocationLevel(ros::console::LogLocation*, ros::console::levels::Level)'
/usr/bin/ld: SmbHighlevelController.cpp:(.text+0x716): undefined reference to `ros::console::checkLogLocationEnabled(ros::console::LogLocation*)'
/usr/bin/ld: SmbHighlevelController.cpp:(.text+0x76e): undefined reference to `ros::console::print(ros::console::FilterBase*, void*, ros::console::levels::Level, char const*, int, char const*, char const*, ...)'
/usr/bin/ld: SmbHighlevelController.cpp:(.text+0x87f): undefined reference to `ros::Subscriber::~Subscriber()'
/usr/bin/ld: SmbHighlevelController.cpp:(.text+0x99a): undefined reference to `ros::Subscriber::~Subscriber()'
/usr/bin/ld: SmbHighlevelController.cpp:(.text+0xa48): undefined reference to `ros::Publisher::~Publisher()'
/usr/bin/ld: SmbHighlevelController.cpp:(.text+0xae7): undefined reference to `ros::Publisher::~Publisher()'
/usr/bin/ld: SmbHighlevelController.cpp:(.text+0xb85): undefined reference to `ros::ServiceServer::~ServiceServer()'
/usr/bin/ld: SmbHighlevelController.cpp:(.text+0xbc7): undefined reference to `ros::console::g_initialized'
/usr/bin/ld: SmbHighlevelController.cpp:(.text+0xbd7): undefined reference to `ros::console::initialize()'
/usr/bin/ld: SmbHighlevelController.cpp:(.text+0xc2a): undefined reference to `ros::console::initializeLogLocation(ros::console::LogLocation*, std::__cxx11::basic_string<char, std::char_traits<char>, std::allocator<char> > const&, ros::console::levels::Level)'
/usr/bin/ld: SmbHighlevelController.cpp:(.text+0xc6a): undefined reference to `ros::console::setLogLocationLevel(ros::console::LogLocation*, ros::console::levels::Level)'
/usr/bin/ld: SmbHighlevelController.cpp:(.text+0xc76): undefined reference to `ros::console::checkLogLocationEnabled(ros::console::LogLocation*)'
/usr/bin/ld: SmbHighlevelController.cpp:(.text+0xcd2): undefined reference to `ros::console::print(ros::console::FilterBase*, void*, ros::console::levels::Level, char const*, int, char const*, char const*, ...)'
/usr/bin/ld: SmbHighlevelController.cpp:(.text+0xf82): undefined reference to `ros::ServiceServer::~ServiceServer()'
/usr/bin/ld: SmbHighlevelController.cpp:(.text+0xf97): undefined reference to `ros::Publisher::~Publisher()'
/usr/bin/ld: SmbHighlevelController.cpp:(.text+0xfac): undefined reference to `ros::Publisher::~Publisher()'
/usr/bin/ld: SmbHighlevelController.cpp:(.text+0xfc1): undefined reference to `ros::Subscriber::~Subscriber()'
/usr/bin/ld: SmbHighlevelController.cpp:(.text+0xfd6): undefined reference to `ros::Subscriber::~Subscriber()'
/usr/bin/ld: SmbHighlevelController.cpp:(.text+0xfe9): undefined reference to `ros::NodeHandle::~NodeHandle()'
/usr/bin/ld: CMakeFiles/smb_highlevel_controller.dir/src/SmbHighlevelController.cpp.o: in function `smb_highlevel_controller::SmbHighlevelController::~SmbHighlevelController()':
SmbHighlevelController.cpp:(.text+0x106c): undefined reference to `ros::ServiceServer::~ServiceServer()'
/usr/bin/ld: SmbHighlevelController.cpp:(.text+0x107e): undefined reference to `ros::Publisher::~Publisher()'
/usr/bin/ld: SmbHighlevelController.cpp:(.text+0x1090): undefined reference to `ros::Publisher::~Publisher()'
/usr/bin/ld: SmbHighlevelController.cpp:(.text+0x10a2): undefined reference to `ros::Subscriber::~Subscriber()'
/usr/bin/ld: SmbHighlevelController.cpp:(.text+0x10b4): undefined reference to `ros::Subscriber::~Subscriber()'
/usr/bin/ld: SmbHighlevelController.cpp:(.text+0x10c4): undefined reference to `ros::NodeHandle::~NodeHandle()'
/usr/bin/ld: CMakeFiles/smb_highlevel_controller.dir/src/SmbHighlevelController.cpp.o: in function `smb_highlevel_controller::SmbHighlevelController::topicCallback(boost::shared_ptr<sensor_msgs::LaserScan_<std::allocator<void> > const> const&)':
SmbHighlevelController.cpp:(.text+0x12cd): undefined reference to `ros::console::g_initialized'
/usr/bin/ld: SmbHighlevelController.cpp:(.text+0x12dd): undefined reference to `ros::console::initialize()'
/usr/bin/ld: SmbHighlevelController.cpp:(.text+0x1336): undefined reference to `ros::console::initializeLogLocation(ros::console::LogLocation*, std::__cxx11::basic_string<char, std::char_traits<char>, std::allocator<char> > const&, ros::console::levels::Level)'
/usr/bin/ld: SmbHighlevelController.cpp:(.text+0x1379): undefined reference to `ros::console::setLogLocationLevel(ros::console::LogLocation*, ros::console::levels::Level)'
/usr/bin/ld: SmbHighlevelController.cpp:(.text+0x1385): undefined reference to `ros::console::checkLogLocationEnabled(ros::console::LogLocation*)'
/usr/bin/ld: SmbHighlevelController.cpp:(.text+0x13e8): undefined reference to `ros::console::print(ros::console::FilterBase*, void*, ros::console::levels::Level, char const*, int, char const*, char const*, ...)'
/usr/bin/ld: SmbHighlevelController.cpp:(.text+0x13f3): undefined reference to `ros::console::g_initialized'
/usr/bin/ld: SmbHighlevelController.cpp:(.text+0x1403): undefined reference to `ros::console::initialize()'
/usr/bin/ld: SmbHighlevelController.cpp:(.text+0x145c): undefined reference to `ros::console::initializeLogLocation(ros::console::LogLocation*, std::__cxx11::basic_string<char, std::char_traits<char>, std::allocator<char> > const&, ros::console::levels::Level)'
/usr/bin/ld: SmbHighlevelController.cpp:(.text+0x149f): undefined reference to `ros::console::setLogLocationLevel(ros::console::LogLocation*, ros::console::levels::Level)'
/usr/bin/ld: SmbHighlevelController.cpp:(.text+0x14ab): undefined reference to `ros::console::checkLogLocationEnabled(ros::console::LogLocation*)'
/usr/bin/ld: SmbHighlevelController.cpp:(.text+0x150b): undefined reference to `ros::console::print(ros::console::FilterBase*, void*, ros::console::levels::Level, char const*, int, char const*, char const*, ...)'
/usr/bin/ld: SmbHighlevelController.cpp:(.text+0x17c3): undefined reference to `ros::console::g_initialized'
/usr/bin/ld: SmbHighlevelController.cpp:(.text+0x17d3): undefined reference to `ros::console::initialize()'
/usr/bin/ld: SmbHighlevelController.cpp:(.text+0x182c): undefined reference to `ros::console::initializeLogLocation(ros::console::LogLocation*, std::__cxx11::basic_string<char, std::char_traits<char>, std::allocator<char> > const&, ros::console::levels::Level)'
/usr/bin/ld: SmbHighlevelController.cpp:(.text+0x186f): undefined reference to `ros::console::setLogLocationLevel(ros::console::LogLocation*, ros::console::levels::Level)'
/usr/bin/ld: SmbHighlevelController.cpp:(.text+0x187b): undefined reference to `ros::console::checkLogLocationEnabled(ros::console::LogLocation*)'
/usr/bin/ld: SmbHighlevelController.cpp:(.text+0x18d3): undefined reference to `ros::console::print(ros::console::FilterBase*, void*, ros::console::levels::Level, char const*, int, char const*, char const*, ...)'
/usr/bin/ld: CMakeFiles/smb_highlevel_controller.dir/src/SmbHighlevelController.cpp.o: in function `smb_highlevel_controller::SmbHighlevelController::pointcloudCallback(boost::shared_ptr<sensor_msgs::PointCloud2_<std::allocator<void> > const> const&)':
SmbHighlevelController.cpp:(.text+0x1a27): undefined reference to `ros::console::g_initialized'
/usr/bin/ld: SmbHighlevelController.cpp:(.text+0x1a37): undefined reference to `ros::console::initialize()'
/usr/bin/ld: SmbHighlevelController.cpp:(.text+0x1a84): undefined reference to `ros::console::initializeLogLocation(ros::console::LogLocation*, std::__cxx11::basic_string<char, std::char_traits<char>, std::allocator<char> > const&, ros::console::levels::Level)'
/usr/bin/ld: SmbHighlevelController.cpp:(.text+0x1ac1): undefined reference to `ros::console::setLogLocationLevel(ros::console::LogLocation*, ros::console::levels::Level)'
/usr/bin/ld: SmbHighlevelController.cpp:(.text+0x1acd): undefined reference to `ros::console::checkLogLocationEnabled(ros::console::LogLocation*)'
/usr/bin/ld: SmbHighlevelController.cpp:(.text+0x1b2b): undefined reference to `ros::console::print(ros::console::FilterBase*, void*, ros::console::levels::Level, char const*, int, char const*, char const*, ...)'
/usr/bin/ld: CMakeFiles/smb_highlevel_controller.dir/src/SmbHighlevelController.cpp.o: in function `ros::Subscriber ros::NodeHandle::subscribe<sensor_msgs::LaserScan_<std::allocator<void> >, smb_highlevel_controller::SmbHighlevelController>(std::__cxx11::basic_string<char, std::char_traits<char>, std::allocator<char> > const&, unsigned int, void (smb_highlevel_controller::SmbHighlevelController::*)(boost::shared_ptr<sensor_msgs::LaserScan_<std::allocator<void> > const> const&), smb_highlevel_controller::SmbHighlevelController*, ros::TransportHints const&)':
SmbHighlevelController.cpp:(.text._ZN3ros10NodeHandle9subscribeIN11sensor_msgs10LaserScan_ISaIvEEEN24smb_highlevel_controller22SmbHighlevelControllerEEENS_10SubscriberERKNSt7__cxx1112basic_stringIcSt11char_traitsIcESaIcEEEjMT0_FvRKN5boost10shared_ptrIKT_EEEPSH_RKNS_14TransportHintsE[_ZN3ros10NodeHandle9subscribeIN11sensor_msgs10LaserScan_ISaIvEEEN24smb_highlevel_controller22SmbHighlevelControllerEEENS_10SubscriberERKNSt7__cxx1112basic_stringIcSt11char_traitsIcESaIcEEEjMT0_FvRKN5boost10shared_ptrIKT_EEEPSH_RKNS_14TransportHintsE]+0x15a): undefined reference to `ros::NodeHandle::subscribe(ros::SubscribeOptions&)'
/usr/bin/ld: CMakeFiles/smb_highlevel_controller.dir/src/SmbHighlevelController.cpp.o: in function `ros::Subscriber ros::NodeHandle::subscribe<sensor_msgs::PointCloud2_<std::allocator<void> >, smb_highlevel_controller::SmbHighlevelController>(std::__cxx11::basic_string<char, std::char_traits<char>, std::allocator<char> > const&, unsigned int, void (smb_highlevel_controller::SmbHighlevelController::*)(boost::shared_ptr<sensor_msgs::PointCloud2_<std::allocator<void> > const> const&), smb_highlevel_controller::SmbHighlevelController*, ros::TransportHints const&)':
SmbHighlevelController.cpp:(.text._ZN3ros10NodeHandle9subscribeIN11sensor_msgs12PointCloud2_ISaIvEEEN24smb_highlevel_controller22SmbHighlevelControllerEEENS_10SubscriberERKNSt7__cxx1112basic_stringIcSt11char_traitsIcESaIcEEEjMT0_FvRKN5boost10shared_ptrIKT_EEEPSH_RKNS_14TransportHintsE[_ZN3ros10NodeHandle9subscribeIN11sensor_msgs12PointCloud2_ISaIvEEEN24smb_highlevel_controller22SmbHighlevelControllerEEENS_10SubscriberERKNSt7__cxx1112basic_stringIcSt11char_traitsIcESaIcEEEjMT0_FvRKN5boost10shared_ptrIKT_EEEPSH_RKNS_14TransportHintsE]+0x15a): undefined reference to `ros::NodeHandle::subscribe(ros::SubscribeOptions&)'
/usr/bin/ld: CMakeFiles/smb_highlevel_controller.dir/src/SmbHighlevelController.cpp.o: in function `ros::Publisher ros::NodeHandle::advertise<geometry_msgs::Twist_<std::allocator<void> > >(std::__cxx11::basic_string<char, std::char_traits<char>, std::allocator<char> > const&, unsigned int, bool)':
SmbHighlevelController.cpp:(.text._ZN3ros10NodeHandle9advertiseIN13geometry_msgs6Twist_ISaIvEEEEENS_9PublisherERKNSt7__cxx1112basic_stringIcSt11char_traitsIcESaIcEEEjb[_ZN3ros10NodeHandle9advertiseIN13geometry_msgs6Twist_ISaIvEEEEENS_9PublisherERKNSt7__cxx1112basic_stringIcSt11char_traitsIcESaIcEEEjb]+0x139): undefined reference to `ros::NodeHandle::advertise(ros::AdvertiseOptions&)'
/usr/bin/ld: CMakeFiles/smb_highlevel_controller.dir/src/SmbHighlevelController.cpp.o: in function `ros::Publisher ros::NodeHandle::advertise<visualization_msgs::Marker_<std::allocator<void> > >(std::__cxx11::basic_string<char, std::char_traits<char>, std::allocator<char> > const&, unsigned int, bool)':
SmbHighlevelController.cpp:(.text._ZN3ros10NodeHandle9advertiseIN18visualization_msgs7Marker_ISaIvEEEEENS_9PublisherERKNSt7__cxx1112basic_stringIcSt11char_traitsIcESaIcEEEjb[_ZN3ros10NodeHandle9advertiseIN18visualization_msgs7Marker_ISaIvEEEEENS_9PublisherERKNSt7__cxx1112basic_stringIcSt11char_traitsIcESaIcEEEjb]+0x139): undefined reference to `ros::NodeHandle::advertise(ros::AdvertiseOptions&)'
/usr/bin/ld: CMakeFiles/smb_highlevel_controller.dir/src/SmbHighlevelController.cpp.o: in function `ros::ServiceServer ros::NodeHandle::advertiseService<smb_highlevel_controller::SmbHighlevelController, std_srvs::SetBoolRequest_<std::allocator<void> >, std_srvs::SetBoolResponse_<std::allocator<void> > >(std::__cxx11::basic_string<char, std::char_traits<char>, std::allocator<char> > const&, bool (smb_highlevel_controller::SmbHighlevelController::*)(std_srvs::SetBoolRequest_<std::allocator<void> >&, std_srvs::SetBoolResponse_<std::allocator<void> >&), smb_highlevel_controller::SmbHighlevelController*)':
SmbHighlevelController.cpp:(.text._ZN3ros10NodeHandle16advertiseServiceIN24smb_highlevel_controller22SmbHighlevelControllerEN8std_srvs15SetBoolRequest_ISaIvEEENS4_16SetBoolResponse_IS6_EEEENS_13ServiceServerERKNSt7__cxx1112basic_stringIcSt11char_traitsIcESaIcEEEMT_FbRT0_RT1_EPSJ_[_ZN3ros10NodeHandle16advertiseServiceIN24smb_highlevel_controller22SmbHighlevelControllerEN8std_srvs15SetBoolRequest_ISaIvEEENS4_16SetBoolResponse_IS6_EEEENS_13ServiceServerERKNSt7__cxx1112basic_stringIcSt11char_traitsIcESaIcEEEMT_FbRT0_RT1_EPSJ_]+0xfe): undefined reference to `ros::NodeHandle::advertiseService(ros::AdvertiseServiceOptions&)'
/usr/bin/ld: CMakeFiles/smb_highlevel_controller.dir/src/SmbHighlevelController.cpp.o: in function `void ros::Publisher::publish<geometry_msgs::Twist_<std::allocator<void> > >(geometry_msgs::Twist_<std::allocator<void> > const&) const':
SmbHighlevelController.cpp:(.text._ZNK3ros9Publisher7publishIN13geometry_msgs6Twist_ISaIvEEEEEvRKT_[_ZNK3ros9Publisher7publishIN13geometry_msgs6Twist_ISaIvEEEEEvRKT_]+0x4b): undefined reference to `ros::console::g_initialized'
/usr/bin/ld: SmbHighlevelController.cpp:(.text._ZNK3ros9Publisher7publishIN13geometry_msgs6Twist_ISaIvEEEEEvRKT_[_ZNK3ros9Publisher7publishIN13geometry_msgs6Twist_ISaIvEEEEEvRKT_]+0x5b): undefined reference to `ros::console::initialize()'
/usr/bin/ld: SmbHighlevelController.cpp:(.text._ZNK3ros9Publisher7publishIN13geometry_msgs6Twist_ISaIvEEEEEvRKT_[_ZNK3ros9Publisher7publishIN13geometry_msgs6Twist_ISaIvEEEEEvRKT_]+0xae): undefined reference to `ros::console::initializeLogLocation(ros::console::LogLocation*, std::__cxx11::basic_string<char, std::char_traits<char>, std::allocator<char> > const&, ros::console::levels::Level)'
/usr/bin/ld: SmbHighlevelController.cpp:(.text._ZNK3ros9Publisher7publishIN13geometry_msgs6Twist_ISaIvEEEEEvRKT_[_ZNK3ros9Publisher7publishIN13geometry_msgs6Twist_ISaIvEEEEEvRKT_]+0xee): undefined reference to `ros::console::setLogLocationLevel(ros::console::LogLocation*, ros::console::levels::Level)'
/usr/bin/ld: SmbHighlevelController.cpp:(.text._ZNK3ros9Publisher7publishIN13geometry_msgs6Twist_ISaIvEEEEEvRKT_[_ZNK3ros9Publisher7publishIN13geometry_msgs6Twist_ISaIvEEEEEvRKT_]+0xfa): undefined reference to `ros::console::checkLogLocationEnabled(ros::console::LogLocation*)'
/usr/bin/ld: SmbHighlevelController.cpp:(.text._ZNK3ros9Publisher7publishIN13geometry_msgs6Twist_ISaIvEEEEEvRKT_[_ZNK3ros9Publisher7publishIN13geometry_msgs6Twist_ISaIvEEEEEvRKT_]+0x160): undefined reference to `ros::console::print(ros::console::FilterBase*, void*, ros::console::levels::Level, char const*, int, char const*, char const*, ...)'
/usr/bin/ld: SmbHighlevelController.cpp:(.text._ZNK3ros9Publisher7publishIN13geometry_msgs6Twist_ISaIvEEEEEvRKT_[_ZNK3ros9Publisher7publishIN13geometry_msgs6Twist_ISaIvEEEEEvRKT_]+0x16b): undefined reference to `ros::console::g_initialized'
/usr/bin/ld: SmbHighlevelController.cpp:(.text._ZNK3ros9Publisher7publishIN13geometry_msgs6Twist_ISaIvEEEEEvRKT_[_ZNK3ros9Publisher7publishIN13geometry_msgs6Twist_ISaIvEEEEEvRKT_]+0x17b): undefined reference to `ros::console::initialize()'
/usr/bin/ld: SmbHighlevelController.cpp:(.text._ZNK3ros9Publisher7publishIN13geometry_msgs6Twist_ISaIvEEEEEvRKT_[_ZNK3ros9Publisher7publishIN13geometry_msgs6Twist_ISaIvEEEEEvRKT_]+0x1ce): undefined reference to `ros::console::initializeLogLocation(ros::console::LogLocation*, std::__cxx11::basic_string<char, std::char_traits<char>, std::allocator<char> > const&, ros::console::levels::Level)'
/usr/bin/ld: SmbHighlevelController.cpp:(.text._ZNK3ros9Publisher7publishIN13geometry_msgs6Twist_ISaIvEEEEEvRKT_[_ZNK3ros9Publisher7publishIN13geometry_msgs6Twist_ISaIvEEEEEvRKT_]+0x20e): undefined reference to `ros::console::setLogLocationLevel(ros::console::LogLocation*, ros::console::levels::Level)'
/usr/bin/ld: SmbHighlevelController.cpp:(.text._ZNK3ros9Publisher7publishIN13geometry_msgs6Twist_ISaIvEEEEEvRKT_[_ZNK3ros9Publisher7publishIN13geometry_msgs6Twist_ISaIvEEEEEvRKT_]+0x21a): undefined reference to `ros::console::checkLogLocationEnabled(ros::console::LogLocation*)'
/usr/bin/ld: SmbHighlevelController.cpp:(.text._ZNK3ros9Publisher7publishIN13geometry_msgs6Twist_ISaIvEEEEEvRKT_[_ZNK3ros9Publisher7publishIN13geometry_msgs6Twist_ISaIvEEEEEvRKT_]+0x272): undefined reference to `ros::console::print(ros::console::FilterBase*, void*, ros::console::levels::Level, char const*, int, char const*, char const*, ...)'
/usr/bin/ld: SmbHighlevelController.cpp:(.text._ZNK3ros9Publisher7publishIN13geometry_msgs6Twist_ISaIvEEEEEvRKT_[_ZNK3ros9Publisher7publishIN13geometry_msgs6Twist_ISaIvEEEEEvRKT_]+0x27d): undefined reference to `ros::console::g_initialized'
/usr/bin/ld: SmbHighlevelController.cpp:(.text._ZNK3ros9Publisher7publishIN13geometry_msgs6Twist_ISaIvEEEEEvRKT_[_ZNK3ros9Publisher7publishIN13geometry_msgs6Twist_ISaIvEEEEEvRKT_]+0x28d): undefined reference to `ros::console::initialize()'
/usr/bin/ld: SmbHighlevelController.cpp:(.text._ZNK3ros9Publisher7publishIN13geometry_msgs6Twist_ISaIvEEEEEvRKT_[_ZNK3ros9Publisher7publishIN13geometry_msgs6Twist_ISaIvEEEEEvRKT_]+0x2e0): undefined reference to `ros::console::initializeLogLocation(ros::console::LogLocation*, std::__cxx11::basic_string<char, std::char_traits<char>, std::allocator<char> > const&, ros::console::levels::Level)'
/usr/bin/ld: SmbHighlevelController.cpp:(.text._ZNK3ros9Publisher7publishIN13geometry_msgs6Twist_ISaIvEEEEEvRKT_[_ZNK3ros9Publisher7publishIN13geometry_msgs6Twist_ISaIvEEEEEvRKT_]+0x320): undefined reference to `ros::console::setLogLocationLevel(ros::console::LogLocation*, ros::console::levels::Level)'
/usr/bin/ld: SmbHighlevelController.cpp:(.text._ZNK3ros9Publisher7publishIN13geometry_msgs6Twist_ISaIvEEEEEvRKT_[_ZNK3ros9Publisher7publishIN13geometry_msgs6Twist_ISaIvEEEEEvRKT_]+0x32c): undefined reference to `ros::console::checkLogLocationEnabled(ros::console::LogLocation*)'
/usr/bin/ld: SmbHighlevelController.cpp:(.text._ZNK3ros9Publisher7publishIN13geometry_msgs6Twist_ISaIvEEEEEvRKT_[_ZNK3ros9Publisher7publishIN13geometry_msgs6Twist_ISaIvEEEEEvRKT_]+0x384): undefined reference to `ros::console::print(ros::console::FilterBase*, void*, ros::console::levels::Level, char const*, int, char const*, char const*, ...)'
/usr/bin/ld: SmbHighlevelController.cpp:(.text._ZNK3ros9Publisher7publishIN13geometry_msgs6Twist_ISaIvEEEEEvRKT_[_ZNK3ros9Publisher7publishIN13geometry_msgs6Twist_ISaIvEEEEEvRKT_]+0x3a5): undefined reference to `ros::Publisher::Impl::isValid() const'
/usr/bin/ld: SmbHighlevelController.cpp:(.text._ZNK3ros9Publisher7publishIN13geometry_msgs6Twist_ISaIvEEEEEvRKT_[_ZNK3ros9Publisher7publishIN13geometry_msgs6Twist_ISaIvEEEEEvRKT_]+0x3b7): undefined reference to `ros::console::g_initialized'
/usr/bin/ld: SmbHighlevelController.cpp:(.text._ZNK3ros9Publisher7publishIN13geometry_msgs6Twist_ISaIvEEEEEvRKT_[_ZNK3ros9Publisher7publishIN13geometry_msgs6Twist_ISaIvEEEEEvRKT_]+0x3c7): undefined reference to `ros::console::initialize()'
/usr/bin/ld: SmbHighlevelController.cpp:(.text._ZNK3ros9Publisher7publishIN13geometry_msgs6Twist_ISaIvEEEEEvRKT_[_ZNK3ros9Publisher7publishIN13geometry_msgs6Twist_ISaIvEEEEEvRKT_]+0x41a): undefined reference to `ros::console::initializeLogLocation(ros::console::LogLocation*, std::__cxx11::basic_string<char, std::char_traits<char>, std::allocator<char> > const&, ros::console::levels::Level)'
/usr/bin/ld: SmbHighlevelController.cpp:(.text._ZNK3ros9Publisher7publishIN13geometry_msgs6Twist_ISaIvEEEEEvRKT_[_ZNK3ros9Publisher7publishIN13geometry_msgs6Twist_ISaIvEEEEEvRKT_]+0x45a): undefined reference to `ros::console::setLogLocationLevel(ros::console::LogLocation*, ros::console::levels::Level)'
/usr/bin/ld: SmbHighlevelController.cpp:(.text._ZNK3ros9Publisher7publishIN13geometry_msgs6Twist_ISaIvEEEEEvRKT_[_ZNK3ros9Publisher7publishIN13geometry_msgs6Twist_ISaIvEEEEEvRKT_]+0x466): undefined reference to `ros::console::checkLogLocationEnabled(ros::console::LogLocation*)'
/usr/bin/ld: SmbHighlevelController.cpp:(.text._ZNK3ros9Publisher7publishIN13geometry_msgs6Twist_ISaIvEEEEEvRKT_[_ZNK3ros9Publisher7publishIN13geometry_msgs6Twist_ISaIvEEEEEvRKT_]+0x4cc): undefined reference to `ros::console::print(ros::console::FilterBase*, void*, ros::console::levels::Level, char const*, int, char const*, char const*, ...)'
/usr/bin/ld: SmbHighlevelController.cpp:(.text._ZNK3ros9Publisher7publishIN13geometry_msgs6Twist_ISaIvEEEEEvRKT_[_ZNK3ros9Publisher7publishIN13geometry_msgs6Twist_ISaIvEEEEEvRKT_]+0x4d7): undefined reference to `ros::console::g_initialized'
/usr/bin/ld: SmbHighlevelController.cpp:(.text._ZNK3ros9Publisher7publishIN13geometry_msgs6Twist_ISaIvEEEEEvRKT_[_ZNK3ros9Publisher7publishIN13geometry_msgs6Twist_ISaIvEEEEEvRKT_]+0x4e7): undefined reference to `ros::console::initialize()'
/usr/bin/ld: SmbHighlevelController.cpp:(.text._ZNK3ros9Publisher7publishIN13geometry_msgs6Twist_ISaIvEEEEEvRKT_[_ZNK3ros9Publisher7publishIN13geometry_msgs6Twist_ISaIvEEEEEvRKT_]+0x53a): undefined reference to `ros::console::initializeLogLocation(ros::console::LogLocation*, std::__cxx11::basic_string<char, std::char_traits<char>, std::allocator<char> > const&, ros::console::levels::Level)'
/usr/bin/ld: SmbHighlevelController.cpp:(.text._ZNK3ros9Publisher7publishIN13geometry_msgs6Twist_ISaIvEEEEEvRKT_[_ZNK3ros9Publisher7publishIN13geometry_msgs6Twist_ISaIvEEEEEvRKT_]+0x57a): undefined reference to `ros::console::setLogLocationLevel(ros::console::LogLocation*, ros::console::levels::Level)'
/usr/bin/ld: SmbHighlevelController.cpp:(.text._ZNK3ros9Publisher7publishIN13geometry_msgs6Twist_ISaIvEEEEEvRKT_[_ZNK3ros9Publisher7publishIN13geometry_msgs6Twist_ISaIvEEEEEvRKT_]+0x586): undefined reference to `ros::console::checkLogLocationEnabled(ros::console::LogLocation*)'
/usr/bin/ld: SmbHighlevelController.cpp:(.text._ZNK3ros9Publisher7publishIN13geometry_msgs6Twist_ISaIvEEEEEvRKT_[_ZNK3ros9Publisher7publishIN13geometry_msgs6Twist_ISaIvEEEEEvRKT_]+0x5f5): undefined reference to `ros::console::print(ros::console::FilterBase*, void*, ros::console::levels::Level, char const*, int, char const*, char const*, ...)'
/usr/bin/ld: SmbHighlevelController.cpp:(.text._ZNK3ros9Publisher7publishIN13geometry_msgs6Twist_ISaIvEEEEEvRKT_[_ZNK3ros9Publisher7publishIN13geometry_msgs6Twist_ISaIvEEEEEvRKT_]+0x600): undefined reference to `ros::console::g_initialized'
/usr/bin/ld: SmbHighlevelController.cpp:(.text._ZNK3ros9Publisher7publishIN13geometry_msgs6Twist_ISaIvEEEEEvRKT_[_ZNK3ros9Publisher7publishIN13geometry_msgs6Twist_ISaIvEEEEEvRKT_]+0x610): undefined reference to `ros::console::initialize()'
/usr/bin/ld: SmbHighlevelController.cpp:(.text._ZNK3ros9Publisher7publishIN13geometry_msgs6Twist_ISaIvEEEEEvRKT_[_ZNK3ros9Publisher7publishIN13geometry_msgs6Twist_ISaIvEEEEEvRKT_]+0x663): undefined reference to `ros::console::initializeLogLocation(ros::console::LogLocation*, std::__cxx11::basic_string<char, std::char_traits<char>, std::allocator<char> > const&, ros::console::levels::Level)'
/usr/bin/ld: SmbHighlevelController.cpp:(.text._ZNK3ros9Publisher7publishIN13geometry_msgs6Twist_ISaIvEEEEEvRKT_[_ZNK3ros9Publisher7publishIN13geometry_msgs6Twist_ISaIvEEEEEvRKT_]+0x6a3): undefined reference to `ros::console::setLogLocationLevel(ros::console::LogLocation*, ros::console::levels::Level)'
/usr/bin/ld: SmbHighlevelController.cpp:(.text._ZNK3ros9Publisher7publishIN13geometry_msgs6Twist_ISaIvEEEEEvRKT_[_ZNK3ros9Publisher7publishIN13geometry_msgs6Twist_ISaIvEEEEEvRKT_]+0x6af): undefined reference to `ros::console::checkLogLocationEnabled(ros::console::LogLocation*)'
/usr/bin/ld: SmbHighlevelController.cpp:(.text._ZNK3ros9Publisher7publishIN13geometry_msgs6Twist_ISaIvEEEEEvRKT_[_ZNK3ros9Publisher7publishIN13geometry_msgs6Twist_ISaIvEEEEEvRKT_]+0x707): undefined reference to `ros::console::print(ros::console::FilterBase*, void*, ros::console::levels::Level, char const*, int, char const*, char const*, ...)'
/usr/bin/ld: SmbHighlevelController.cpp:(.text._ZNK3ros9Publisher7publishIN13geometry_msgs6Twist_ISaIvEEEEEvRKT_[_ZNK3ros9Publisher7publishIN13geometry_msgs6Twist_ISaIvEEEEEvRKT_]+0x815): undefined reference to `ros::console::g_initialized'
/usr/bin/ld: SmbHighlevelController.cpp:(.text._ZNK3ros9Publisher7publishIN13geometry_msgs6Twist_ISaIvEEEEEvRKT_[_ZNK3ros9Publisher7publishIN13geometry_msgs6Twist_ISaIvEEEEEvRKT_]+0x825): undefined reference to `ros::console::initialize()'
/usr/bin/ld: SmbHighlevelController.cpp:(.text._ZNK3ros9Publisher7publishIN13geometry_msgs6Twist_ISaIvEEEEEvRKT_[_ZNK3ros9Publisher7publishIN13geometry_msgs6Twist_ISaIvEEEEEvRKT_]+0x878): undefined reference to `ros::console::initializeLogLocation(ros::console::LogLocation*, std::__cxx11::basic_string<char, std::char_traits<char>, std::allocator<char> > const&, ros::console::levels::Level)'
/usr/bin/ld: SmbHighlevelController.cpp:(.text._ZNK3ros9Publisher7publishIN13geometry_msgs6Twist_ISaIvEEEEEvRKT_[_ZNK3ros9Publisher7publishIN13geometry_msgs6Twist_ISaIvEEEEEvRKT_]+0x8b7): undefined reference to `ros::console::setLogLocationLevel(ros::console::LogLocation*, ros::console::levels::Level)'
/usr/bin/ld: SmbHighlevelController.cpp:(.text._ZNK3ros9Publisher7publishIN13geometry_msgs6Twist_ISaIvEEEEEvRKT_[_ZNK3ros9Publisher7publishIN13geometry_msgs6Twist_ISaIvEEEEEvRKT_]+0x8c3): undefined reference to `ros::console::checkLogLocationEnabled(ros::console::LogLocation*)'
/usr/bin/ld: SmbHighlevelController.cpp:(.text._ZNK3ros9Publisher7publishIN13geometry_msgs6Twist_ISaIvEEEEEvRKT_[_ZNK3ros9Publisher7publishIN13geometry_msgs6Twist_ISaIvEEEEEvRKT_]+0x9a2): undefined reference to `ros::console::print(ros::console::FilterBase*, void*, ros::console::levels::Level, char const*, int, char const*, char const*, ...)'
/usr/bin/ld: SmbHighlevelController.cpp:(.text._ZNK3ros9Publisher7publishIN13geometry_msgs6Twist_ISaIvEEEEEvRKT_[_ZNK3ros9Publisher7publishIN13geometry_msgs6Twist_ISaIvEEEEEvRKT_]+0xa35): undefined reference to `ros::Publisher::publish(boost::function<ros::SerializedMessage ()> const&, ros::SerializedMessage&) const'
/usr/bin/ld: CMakeFiles/smb_highlevel_controller.dir/src/SmbHighlevelController.cpp.o: in function `void ros::Publisher::publish<visualization_msgs::Marker_<std::allocator<void> > >(visualization_msgs::Marker_<std::allocator<void> > const&) const':
SmbHighlevelController.cpp:(.text._ZNK3ros9Publisher7publishIN18visualization_msgs7Marker_ISaIvEEEEEvRKT_[_ZNK3ros9Publisher7publishIN18visualization_msgs7Marker_ISaIvEEEEEvRKT_]+0x4b): undefined reference to `ros::console::g_initialized'
/usr/bin/ld: SmbHighlevelController.cpp:(.text._ZNK3ros9Publisher7publishIN18visualization_msgs7Marker_ISaIvEEEEEvRKT_[_ZNK3ros9Publisher7publishIN18visualization_msgs7Marker_ISaIvEEEEEvRKT_]+0x5b): undefined reference to `ros::console::initialize()'
/usr/bin/ld: SmbHighlevelController.cpp:(.text._ZNK3ros9Publisher7publishIN18visualization_msgs7Marker_ISaIvEEEEEvRKT_[_ZNK3ros9Publisher7publishIN18visualization_msgs7Marker_ISaIvEEEEEvRKT_]+0xae): undefined reference to `ros::console::initializeLogLocation(ros::console::LogLocation*, std::__cxx11::basic_string<char, std::char_traits<char>, std::allocator<char> > const&, ros::console::levels::Level)'
/usr/bin/ld: SmbHighlevelController.cpp:(.text._ZNK3ros9Publisher7publishIN18visualization_msgs7Marker_ISaIvEEEEEvRKT_[_ZNK3ros9Publisher7publishIN18visualization_msgs7Marker_ISaIvEEEEEvRKT_]+0xee): undefined reference to `ros::console::setLogLocationLevel(ros::console::LogLocation*, ros::console::levels::Level)'
/usr/bin/ld: SmbHighlevelController.cpp:(.text._ZNK3ros9Publisher7publishIN18visualization_msgs7Marker_ISaIvEEEEEvRKT_[_ZNK3ros9Publisher7publishIN18visualization_msgs7Marker_ISaIvEEEEEvRKT_]+0xfa): undefined reference to `ros::console::checkLogLocationEnabled(ros::console::LogLocation*)'
/usr/bin/ld: SmbHighlevelController.cpp:(.text._ZNK3ros9Publisher7publishIN18visualization_msgs7Marker_ISaIvEEEEEvRKT_[_ZNK3ros9Publisher7publishIN18visualization_msgs7Marker_ISaIvEEEEEvRKT_]+0x160): undefined reference to `ros::console::print(ros::console::FilterBase*, void*, ros::console::levels::Level, char const*, int, char const*, char const*, ...)'
/usr/bin/ld: SmbHighlevelController.cpp:(.text._ZNK3ros9Publisher7publishIN18visualization_msgs7Marker_ISaIvEEEEEvRKT_[_ZNK3ros9Publisher7publishIN18visualization_msgs7Marker_ISaIvEEEEEvRKT_]+0x16b): undefined reference to `ros::console::g_initialized'
/usr/bin/ld: SmbHighlevelController.cpp:(.text._ZNK3ros9Publisher7publishIN18visualization_msgs7Marker_ISaIvEEEEEvRKT_[_ZNK3ros9Publisher7publishIN18visualization_msgs7Marker_ISaIvEEEEEvRKT_]+0x17b): undefined reference to `ros::console::initialize()'
/usr/bin/ld: SmbHighlevelController.cpp:(.text._ZNK3ros9Publisher7publishIN18visualization_msgs7Marker_ISaIvEEEEEvRKT_[_ZNK3ros9Publisher7publishIN18visualization_msgs7Marker_ISaIvEEEEEvRKT_]+0x1ce): undefined reference to `ros::console::initializeLogLocation(ros::console::LogLocation*, std::__cxx11::basic_string<char, std::char_traits<char>, std::allocator<char> > const&, ros::console::levels::Level)'
/usr/bin/ld: SmbHighlevelController.cpp:(.text._ZNK3ros9Publisher7publishIN18visualization_msgs7Marker_ISaIvEEEEEvRKT_[_ZNK3ros9Publisher7publishIN18visualization_msgs7Marker_ISaIvEEEEEvRKT_]+0x20e): undefined reference to `ros::console::setLogLocationLevel(ros::console::LogLocation*, ros::console::levels::Level)'
/usr/bin/ld: SmbHighlevelController.cpp:(.text._ZNK3ros9Publisher7publishIN18visualization_msgs7Marker_ISaIvEEEEEvRKT_[_ZNK3ros9Publisher7publishIN18visualization_msgs7Marker_ISaIvEEEEEvRKT_]+0x21a): undefined reference to `ros::console::checkLogLocationEnabled(ros::console::LogLocation*)'
/usr/bin/ld: SmbHighlevelController.cpp:(.text._ZNK3ros9Publisher7publishIN18visualization_msgs7Marker_ISaIvEEEEEvRKT_[_ZNK3ros9Publisher7publishIN18visualization_msgs7Marker_ISaIvEEEEEvRKT_]+0x272): undefined reference to `ros::console::print(ros::console::FilterBase*, void*, ros::console::levels::Level, char const*, int, char const*, char const*, ...)'
/usr/bin/ld: SmbHighlevelController.cpp:(.text._ZNK3ros9Publisher7publishIN18visualization_msgs7Marker_ISaIvEEEEEvRKT_[_ZNK3ros9Publisher7publishIN18visualization_msgs7Marker_ISaIvEEEEEvRKT_]+0x27d): undefined reference to `ros::console::g_initialized'
/usr/bin/ld: SmbHighlevelController.cpp:(.text._ZNK3ros9Publisher7publishIN18visualization_msgs7Marker_ISaIvEEEEEvRKT_[_ZNK3ros9Publisher7publishIN18visualization_msgs7Marker_ISaIvEEEEEvRKT_]+0x28d): undefined reference to `ros::console::initialize()'
/usr/bin/ld: SmbHighlevelController.cpp:(.text._ZNK3ros9Publisher7publishIN18visualization_msgs7Marker_ISaIvEEEEEvRKT_[_ZNK3ros9Publisher7publishIN18visualization_msgs7Marker_ISaIvEEEEEvRKT_]+0x2e0): undefined reference to `ros::console::initializeLogLocation(ros::console::LogLocation*, std::__cxx11::basic_string<char, std::char_traits<char>, std::allocator<char> > const&, ros::console::levels::Level)'
/usr/bin/ld: SmbHighlevelController.cpp:(.text._ZNK3ros9Publisher7publishIN18visualization_msgs7Marker_ISaIvEEEEEvRKT_[_ZNK3ros9Publisher7publishIN18visualization_msgs7Marker_ISaIvEEEEEvRKT_]+0x320): undefined reference to `ros::console::setLogLocationLevel(ros::console::LogLocation*, ros::console::levels::Level)'
/usr/bin/ld: SmbHighlevelController.cpp:(.text._ZNK3ros9Publisher7publishIN18visualization_msgs7Marker_ISaIvEEEEEvRKT_[_ZNK3ros9Publisher7publishIN18visualization_msgs7Marker_ISaIvEEEEEvRKT_]+0x32c): undefined reference to `ros::console::checkLogLocationEnabled(ros::console::LogLocation*)'
/usr/bin/ld: SmbHighlevelController.cpp:(.text._ZNK3ros9Publisher7publishIN18visualization_msgs7Marker_ISaIvEEEEEvRKT_[_ZNK3ros9Publisher7publishIN18visualization_msgs7Marker_ISaIvEEEEEvRKT_]+0x384): undefined reference to `ros::console::print(ros::console::FilterBase*, void*, ros::console::levels::Level, char const*, int, char const*, char const*, ...)'
/usr/bin/ld: SmbHighlevelController.cpp:(.text._ZNK3ros9Publisher7publishIN18visualization_msgs7Marker_ISaIvEEEEEvRKT_[_ZNK3ros9Publisher7publishIN18visualization_msgs7Marker_ISaIvEEEEEvRKT_]+0x3a5): undefined reference to `ros::Publisher::Impl::isValid() const'
/usr/bin/ld: SmbHighlevelController.cpp:(.text._ZNK3ros9Publisher7publishIN18visualization_msgs7Marker_ISaIvEEEEEvRKT_[_ZNK3ros9Publisher7publishIN18visualization_msgs7Marker_ISaIvEEEEEvRKT_]+0x3b7): undefined reference to `ros::console::g_initialized'
/usr/bin/ld: SmbHighlevelController.cpp:(.text._ZNK3ros9Publisher7publishIN18visualization_msgs7Marker_ISaIvEEEEEvRKT_[_ZNK3ros9Publisher7publishIN18visualization_msgs7Marker_ISaIvEEEEEvRKT_]+0x3c7): undefined reference to `ros::console::initialize()'
/usr/bin/ld: SmbHighlevelController.cpp:(.text._ZNK3ros9Publisher7publishIN18visualization_msgs7Marker_ISaIvEEEEEvRKT_[_ZNK3ros9Publisher7publishIN18visualization_msgs7Marker_ISaIvEEEEEvRKT_]+0x41a): undefined reference to `ros::console::initializeLogLocation(ros::console::LogLocation*, std::__cxx11::basic_string<char, std::char_traits<char>, std::allocator<char> > const&, ros::console::levels::Level)'
/usr/bin/ld: SmbHighlevelController.cpp:(.text._ZNK3ros9Publisher7publishIN18visualization_msgs7Marker_ISaIvEEEEEvRKT_[_ZNK3ros9Publisher7publishIN18visualization_msgs7Marker_ISaIvEEEEEvRKT_]+0x45a): undefined reference to `ros::console::setLogLocationLevel(ros::console::LogLocation*, ros::console::levels::Level)'
/usr/bin/ld: SmbHighlevelController.cpp:(.text._ZNK3ros9Publisher7publishIN18visualization_msgs7Marker_ISaIvEEEEEvRKT_[_ZNK3ros9Publisher7publishIN18visualization_msgs7Marker_ISaIvEEEEEvRKT_]+0x466): undefined reference to `ros::console::checkLogLocationEnabled(ros::console::LogLocation*)'
/usr/bin/ld: SmbHighlevelController.cpp:(.text._ZNK3ros9Publisher7publishIN18visualization_msgs7Marker_ISaIvEEEEEvRKT_[_ZNK3ros9Publisher7publishIN18visualization_msgs7Marker_ISaIvEEEEEvRKT_]+0x4cc): undefined reference to `ros::console::print(ros::console::FilterBase*, void*, ros::console::levels::Level, char const*, int, char const*, char const*, ...)'
/usr/bin/ld: SmbHighlevelController.cpp:(.text._ZNK3ros9Publisher7publishIN18visualization_msgs7Marker_ISaIvEEEEEvRKT_[_ZNK3ros9Publisher7publishIN18visualization_msgs7Marker_ISaIvEEEEEvRKT_]+0x4d7): undefined reference to `ros::console::g_initialized'
/usr/bin/ld: SmbHighlevelController.cpp:(.text._ZNK3ros9Publisher7publishIN18visualization_msgs7Marker_ISaIvEEEEEvRKT_[_ZNK3ros9Publisher7publishIN18visualization_msgs7Marker_ISaIvEEEEEvRKT_]+0x4e7): undefined reference to `ros::console::initialize()'
/usr/bin/ld: SmbHighlevelController.cpp:(.text._ZNK3ros9Publisher7publishIN18visualization_msgs7Marker_ISaIvEEEEEvRKT_[_ZNK3ros9Publisher7publishIN18visualization_msgs7Marker_ISaIvEEEEEvRKT_]+0x53a): undefined reference to `ros::console::initializeLogLocation(ros::console::LogLocation*, std::__cxx11::basic_string<char, std::char_traits<char>, std::allocator<char> > const&, ros::console::levels::Level)'
/usr/bin/ld: SmbHighlevelController.cpp:(.text._ZNK3ros9Publisher7publishIN18visualization_msgs7Marker_ISaIvEEEEEvRKT_[_ZNK3ros9Publisher7publishIN18visualization_msgs7Marker_ISaIvEEEEEvRKT_]+0x57a): undefined reference to `ros::console::setLogLocationLevel(ros::console::LogLocation*, ros::console::levels::Level)'
/usr/bin/ld: SmbHighlevelController.cpp:(.text._ZNK3ros9Publisher7publishIN18visualization_msgs7Marker_ISaIvEEEEEvRKT_[_ZNK3ros9Publisher7publishIN18visualization_msgs7Marker_ISaIvEEEEEvRKT_]+0x586): undefined reference to `ros::console::checkLogLocationEnabled(ros::console::LogLocation*)'
/usr/bin/ld: SmbHighlevelController.cpp:(.text._ZNK3ros9Publisher7publishIN18visualization_msgs7Marker_ISaIvEEEEEvRKT_[_ZNK3ros9Publisher7publishIN18visualization_msgs7Marker_ISaIvEEEEEvRKT_]+0x5f5): undefined reference to `ros::console::print(ros::console::FilterBase*, void*, ros::console::levels::Level, char const*, int, char const*, char const*, ...)'
/usr/bin/ld: SmbHighlevelController.cpp:(.text._ZNK3ros9Publisher7publishIN18visualization_msgs7Marker_ISaIvEEEEEvRKT_[_ZNK3ros9Publisher7publishIN18visualization_msgs7Marker_ISaIvEEEEEvRKT_]+0x600): undefined reference to `ros::console::g_initialized'
/usr/bin/ld: SmbHighlevelController.cpp:(.text._ZNK3ros9Publisher7publishIN18visualization_msgs7Marker_ISaIvEEEEEvRKT_[_ZNK3ros9Publisher7publishIN18visualization_msgs7Marker_ISaIvEEEEEvRKT_]+0x610): undefined reference to `ros::console::initialize()'
/usr/bin/ld: SmbHighlevelController.cpp:(.text._ZNK3ros9Publisher7publishIN18visualization_msgs7Marker_ISaIvEEEEEvRKT_[_ZNK3ros9Publisher7publishIN18visualization_msgs7Marker_ISaIvEEEEEvRKT_]+0x663): undefined reference to `ros::console::initializeLogLocation(ros::console::LogLocation*, std::__cxx11::basic_string<char, std::char_traits<char>, std::allocator<char> > const&, ros::console::levels::Level)'
/usr/bin/ld: SmbHighlevelController.cpp:(.text._ZNK3ros9Publisher7publishIN18visualization_msgs7Marker_ISaIvEEEEEvRKT_[_ZNK3ros9Publisher7publishIN18visualization_msgs7Marker_ISaIvEEEEEvRKT_]+0x6a3): undefined reference to `ros::console::setLogLocationLevel(ros::console::LogLocation*, ros::console::levels::Level)'
/usr/bin/ld: SmbHighlevelController.cpp:(.text._ZNK3ros9Publisher7publishIN18visualization_msgs7Marker_ISaIvEEEEEvRKT_[_ZNK3ros9Publisher7publishIN18visualization_msgs7Marker_ISaIvEEEEEvRKT_]+0x6af): undefined reference to `ros::console::checkLogLocationEnabled(ros::console::LogLocation*)'
/usr/bin/ld: SmbHighlevelController.cpp:(.text._ZNK3ros9Publisher7publishIN18visualization_msgs7Marker_ISaIvEEEEEvRKT_[_ZNK3ros9Publisher7publishIN18visualization_msgs7Marker_ISaIvEEEEEvRKT_]+0x707): undefined reference to `ros::console::print(ros::console::FilterBase*, void*, ros::console::levels::Level, char const*, int, char const*, char const*, ...)'
/usr/bin/ld: SmbHighlevelController.cpp:(.text._ZNK3ros9Publisher7publishIN18visualization_msgs7Marker_ISaIvEEEEEvRKT_[_ZNK3ros9Publisher7publishIN18visualization_msgs7Marker_ISaIvEEEEEvRKT_]+0x815): undefined reference to `ros::console::g_initialized'
/usr/bin/ld: SmbHighlevelController.cpp:(.text._ZNK3ros9Publisher7publishIN18visualization_msgs7Marker_ISaIvEEEEEvRKT_[_ZNK3ros9Publisher7publishIN18visualization_msgs7Marker_ISaIvEEEEEvRKT_]+0x825): undefined reference to `ros::console::initialize()'
/usr/bin/ld: SmbHighlevelController.cpp:(.text._ZNK3ros9Publisher7publishIN18visualization_msgs7Marker_ISaIvEEEEEvRKT_[_ZNK3ros9Publisher7publishIN18visualization_msgs7Marker_ISaIvEEEEEvRKT_]+0x878): undefined reference to `ros::console::initializeLogLocation(ros::console::LogLocation*, std::__cxx11::basic_string<char, std::char_traits<char>, std::allocator<char> > const&, ros::console::levels::Level)'
/usr/bin/ld: SmbHighlevelController.cpp:(.text._ZNK3ros9Publisher7publishIN18visualization_msgs7Marker_ISaIvEEEEEvRKT_[_ZNK3ros9Publisher7publishIN18visualization_msgs7Marker_ISaIvEEEEEvRKT_]+0x8b7): undefined reference to `ros::console::setLogLocationLevel(ros::console::LogLocation*, ros::console::levels::Level)'
/usr/bin/ld: SmbHighlevelController.cpp:(.text._ZNK3ros9Publisher7publishIN18visualization_msgs7Marker_ISaIvEEEEEvRKT_[_ZNK3ros9Publisher7publishIN18visualization_msgs7Marker_ISaIvEEEEEvRKT_]+0x8c3): undefined reference to `ros::console::checkLogLocationEnabled(ros::console::LogLocation*)'
/usr/bin/ld: SmbHighlevelController.cpp:(.text._ZNK3ros9Publisher7publishIN18visualization_msgs7Marker_ISaIvEEEEEvRKT_[_ZNK3ros9Publisher7publishIN18visualization_msgs7Marker_ISaIvEEEEEvRKT_]+0x9a2): undefined reference to `ros::console::print(ros::console::FilterBase*, void*, ros::console::levels::Level, char const*, int, char const*, char const*, ...)'
/usr/bin/ld: SmbHighlevelController.cpp:(.text._ZNK3ros9Publisher7publishIN18visualization_msgs7Marker_ISaIvEEEEEvRKT_[_ZNK3ros9Publisher7publishIN18visualization_msgs7Marker_ISaIvEEEEEvRKT_]+0xa35): undefined reference to `ros::Publisher::publish(boost::function<ros::SerializedMessage ()> const&, ros::SerializedMessage&) const'
/usr/bin/ld: CMakeFiles/smb_highlevel_controller.dir/src/SmbHighlevelController.cpp.o: in function `void ros::AdvertiseServiceOptions::init<std_srvs::SetBoolRequest_<std::allocator<void> >, std_srvs::SetBoolResponse_<std::allocator<void> > >(std::__cxx11::basic_string<char, std::char_traits<char>, std::allocator<char> > const&, boost::function<bool (std_srvs::SetBoolRequest_<std::allocator<void> >&, std_srvs::SetBoolResponse_<std::allocator<void> >&)> const&)':
SmbHighlevelController.cpp:(.text._ZN3ros23AdvertiseServiceOptions4initIN8std_srvs15SetBoolRequest_ISaIvEEENS2_16SetBoolResponse_IS4_EEEEvRKNSt7__cxx1112basic_stringIcSt11char_traitsIcESaIcEEERKN5boost8functionIFbRT_RT0_EEE[_ZN3ros23AdvertiseServiceOptions4initIN8std_srvs15SetBoolRequest_ISaIvEEENS2_16SetBoolResponse_IS4_EEEEvRKNSt7__cxx1112basic_stringIcSt11char_traitsIcESaIcEEERKN5boost8functionIFbRT_RT0_EEE]+0x46): undefined reference to `ros::console::g_initialized'
/usr/bin/ld: SmbHighlevelController.cpp:(.text._ZN3ros23AdvertiseServiceOptions4initIN8std_srvs15SetBoolRequest_ISaIvEEENS2_16SetBoolResponse_IS4_EEEEvRKNSt7__cxx1112basic_stringIcSt11char_traitsIcESaIcEEERKN5boost8functionIFbRT_RT0_EEE[_ZN3ros23AdvertiseServiceOptions4initIN8std_srvs15SetBoolRequest_ISaIvEEENS2_16SetBoolResponse_IS4_EEEEvRKNSt7__cxx1112basic_stringIcSt11char_traitsIcESaIcEEERKN5boost8functionIFbRT_RT0_EEE]+0x56): undefined reference to `ros::console::initialize()'
/usr/bin/ld: SmbHighlevelController.cpp:(.text._ZN3ros23AdvertiseServiceOptions4initIN8std_srvs15SetBoolRequest_ISaIvEEENS2_16SetBoolResponse_IS4_EEEEvRKNSt7__cxx1112basic_stringIcSt11char_traitsIcESaIcEEERKN5boost8functionIFbRT_RT0_EEE[_ZN3ros23AdvertiseServiceOptions4initIN8std_srvs15SetBoolRequest_ISaIvEEENS2_16SetBoolResponse_IS4_EEEEvRKNSt7__cxx1112basic_stringIcSt11char_traitsIcESaIcEEERKN5boost8functionIFbRT_RT0_EEE]+0xa3): undefined reference to `ros::console::initializeLogLocation(ros::console::LogLocation*, std::__cxx11::basic_string<char, std::char_traits<char>, std::allocator<char> > const&, ros::console::levels::Level)'
/usr/bin/ld: SmbHighlevelController.cpp:(.text._ZN3ros23AdvertiseServiceOptions4initIN8std_srvs15SetBoolRequest_ISaIvEEENS2_16SetBoolResponse_IS4_EEEEvRKNSt7__cxx1112basic_stringIcSt11char_traitsIcESaIcEEERKN5boost8functionIFbRT_RT0_EEE[_ZN3ros23AdvertiseServiceOptions4initIN8std_srvs15SetBoolRequest_ISaIvEEENS2_16SetBoolResponse_IS4_EEEEvRKNSt7__cxx1112basic_stringIcSt11char_traitsIcESaIcEEERKN5boost8functionIFbRT_RT0_EEE]+0xe0): undefined reference to `ros::console::setLogLocationLevel(ros::console::LogLocation*, ros::console::levels::Level)'
/usr/bin/ld: SmbHighlevelController.cpp:(.text._ZN3ros23AdvertiseServiceOptions4initIN8std_srvs15SetBoolRequest_ISaIvEEENS2_16SetBoolResponse_IS4_EEEEvRKNSt7__cxx1112basic_stringIcSt11char_traitsIcESaIcEEERKN5boost8functionIFbRT_RT0_EEE[_ZN3ros23AdvertiseServiceOptions4initIN8std_srvs15SetBoolRequest_ISaIvEEENS2_16SetBoolResponse_IS4_EEEEvRKNSt7__cxx1112basic_stringIcSt11char_traitsIcESaIcEEERKN5boost8functionIFbRT_RT0_EEE]+0xec): undefined reference to `ros::console::checkLogLocationEnabled(ros::console::LogLocation*)'
/usr/bin/ld: SmbHighlevelController.cpp:(.text._ZN3ros23AdvertiseServiceOptions4initIN8std_srvs15SetBoolRequest_ISaIvEEENS2_16SetBoolResponse_IS4_EEEEvRKNSt7__cxx1112basic_stringIcSt11char_traitsIcESaIcEEERKN5boost8functionIFbRT_RT0_EEE[_ZN3ros23AdvertiseServiceOptions4initIN8std_srvs15SetBoolRequest_ISaIvEEENS2_16SetBoolResponse_IS4_EEEEvRKNSt7__cxx1112basic_stringIcSt11char_traitsIcESaIcEEERKN5boost8functionIFbRT_RT0_EEE]+0x14a): undefined reference to `ros::console::print(ros::console::FilterBase*, void*, ros::console::levels::Level, char const*, int, char const*, char const*, ...)'
/usr/bin/ld: SmbHighlevelController.cpp:(.text._ZN3ros23AdvertiseServiceOptions4initIN8std_srvs15SetBoolRequest_ISaIvEEENS2_16SetBoolResponse_IS4_EEEEvRKNSt7__cxx1112basic_stringIcSt11char_traitsIcESaIcEEERKN5boost8functionIFbRT_RT0_EEE[_ZN3ros23AdvertiseServiceOptions4initIN8std_srvs15SetBoolRequest_ISaIvEEENS2_16SetBoolResponse_IS4_EEEEvRKNSt7__cxx1112basic_stringIcSt11char_traitsIcESaIcEEERKN5boost8functionIFbRT_RT0_EEE]+0x155): undefined reference to `ros::console::g_initialized'
/usr/bin/ld: SmbHighlevelController.cpp:(.text._ZN3ros23AdvertiseServiceOptions4initIN8std_srvs15SetBoolRequest_ISaIvEEENS2_16SetBoolResponse_IS4_EEEEvRKNSt7__cxx1112basic_stringIcSt11char_traitsIcESaIcEEERKN5boost8functionIFbRT_RT0_EEE[_ZN3ros23AdvertiseServiceOptions4initIN8std_srvs15SetBoolRequest_ISaIvEEENS2_16SetBoolResponse_IS4_EEEEvRKNSt7__cxx1112basic_stringIcSt11char_traitsIcESaIcEEERKN5boost8functionIFbRT_RT0_EEE]+0x165): undefined reference to `ros::console::initialize()'
/usr/bin/ld: SmbHighlevelController.cpp:(.text._ZN3ros23AdvertiseServiceOptions4initIN8std_srvs15SetBoolRequest_ISaIvEEENS2_16SetBoolResponse_IS4_EEEEvRKNSt7__cxx1112basic_stringIcSt11char_traitsIcESaIcEEERKN5boost8functionIFbRT_RT0_EEE[_ZN3ros23AdvertiseServiceOptions4initIN8std_srvs15SetBoolRequest_ISaIvEEENS2_16SetBoolResponse_IS4_EEEEvRKNSt7__cxx1112basic_stringIcSt11char_traitsIcESaIcEEERKN5boost8functionIFbRT_RT0_EEE]+0x1b2): undefined reference to `ros::console::initializeLogLocation(ros::console::LogLocation*, std::__cxx11::basic_string<char, std::char_traits<char>, std::allocator<char> > const&, ros::console::levels::Level)'
/usr/bin/ld: SmbHighlevelController.cpp:(.text._ZN3ros23AdvertiseServiceOptions4initIN8std_srvs15SetBoolRequest_ISaIvEEENS2_16SetBoolResponse_IS4_EEEEvRKNSt7__cxx1112basic_stringIcSt11char_traitsIcESaIcEEERKN5boost8functionIFbRT_RT0_EEE[_ZN3ros23AdvertiseServiceOptions4initIN8std_srvs15SetBoolRequest_ISaIvEEENS2_16SetBoolResponse_IS4_EEEEvRKNSt7__cxx1112basic_stringIcSt11char_traitsIcESaIcEEERKN5boost8functionIFbRT_RT0_EEE]+0x1ef): undefined reference to `ros::console::setLogLocationLevel(ros::console::LogLocation*, ros::console::levels::Level)'
/usr/bin/ld: SmbHighlevelController.cpp:(.text._ZN3ros23AdvertiseServiceOptions4initIN8std_srvs15SetBoolRequest_ISaIvEEENS2_16SetBoolResponse_IS4_EEEEvRKNSt7__cxx1112basic_stringIcSt11char_traitsIcESaIcEEERKN5boost8functionIFbRT_RT0_EEE[_ZN3ros23AdvertiseServiceOptions4initIN8std_srvs15SetBoolRequest_ISaIvEEENS2_16SetBoolResponse_IS4_EEEEvRKNSt7__cxx1112basic_stringIcSt11char_traitsIcESaIcEEERKN5boost8functionIFbRT_RT0_EEE]+0x1fb): undefined reference to `ros::console::checkLogLocationEnabled(ros::console::LogLocation*)'
/usr/bin/ld: SmbHighlevelController.cpp:(.text._ZN3ros23AdvertiseServiceOptions4initIN8std_srvs15SetBoolRequest_ISaIvEEENS2_16SetBoolResponse_IS4_EEEEvRKNSt7__cxx1112basic_stringIcSt11char_traitsIcESaIcEEERKN5boost8functionIFbRT_RT0_EEE[_ZN3ros23AdvertiseServiceOptions4initIN8std_srvs15SetBoolRequest_ISaIvEEENS2_16SetBoolResponse_IS4_EEEEvRKNSt7__cxx1112basic_stringIcSt11char_traitsIcESaIcEEERKN5boost8functionIFbRT_RT0_EEE]+0x257): undefined reference to `ros::console::print(ros::console::FilterBase*, void*, ros::console::levels::Level, char const*, int, char const*, char const*, ...)'
/usr/bin/ld: CMakeFiles/smb_highlevel_controller.dir/src/SmbHighlevelController.cpp.o: in function `ros::SubscriptionCallbackHelperT<boost::shared_ptr<sensor_msgs::PointCloud2_<std::allocator<void> > const> const&, void>::deserialize(ros::SubscriptionCallbackHelperDeserializeParams const&)':
SmbHighlevelController.cpp:(.text._ZN3ros27SubscriptionCallbackHelperTIRKN5boost10shared_ptrIKN11sensor_msgs12PointCloud2_ISaIvEEEEEvE11deserializeERKNS_43SubscriptionCallbackHelperDeserializeParamsE[_ZN3ros27SubscriptionCallbackHelperTIRKN5boost10shared_ptrIKN11sensor_msgs12PointCloud2_ISaIvEEEEEvE11deserializeERKNS_43SubscriptionCallbackHelperDeserializeParamsE]+0x65): undefined reference to `ros::console::g_initialized'
/usr/bin/ld: SmbHighlevelController.cpp:(.text._ZN3ros27SubscriptionCallbackHelperTIRKN5boost10shared_ptrIKN11sensor_msgs12PointCloud2_ISaIvEEEEEvE11deserializeERKNS_43SubscriptionCallbackHelperDeserializeParamsE[_ZN3ros27SubscriptionCallbackHelperTIRKN5boost10shared_ptrIKN11sensor_msgs12PointCloud2_ISaIvEEEEEvE11deserializeERKNS_43SubscriptionCallbackHelperDeserializeParamsE]+0x75): undefined reference to `ros::console::initialize()'
/usr/bin/ld: SmbHighlevelController.cpp:(.text._ZN3ros27SubscriptionCallbackHelperTIRKN5boost10shared_ptrIKN11sensor_msgs12PointCloud2_ISaIvEEEEEvE11deserializeERKNS_43SubscriptionCallbackHelperDeserializeParamsE[_ZN3ros27SubscriptionCallbackHelperTIRKN5boost10shared_ptrIKN11sensor_msgs12PointCloud2_ISaIvEEEEEvE11deserializeERKNS_43SubscriptionCallbackHelperDeserializeParamsE]+0xc2): undefined reference to `ros::console::initializeLogLocation(ros::console::LogLocation*, std::__cxx11::basic_string<char, std::char_traits<char>, std::allocator<char> > const&, ros::console::levels::Level)'
/usr/bin/ld: SmbHighlevelController.cpp:(.text._ZN3ros27SubscriptionCallbackHelperTIRKN5boost10shared_ptrIKN11sensor_msgs12PointCloud2_ISaIvEEEEEvE11deserializeERKNS_43SubscriptionCallbackHelperDeserializeParamsE[_ZN3ros27SubscriptionCallbackHelperTIRKN5boost10shared_ptrIKN11sensor_msgs12PointCloud2_ISaIvEEEEEvE11deserializeERKNS_43SubscriptionCallbackHelperDeserializeParamsE]+0xfe): undefined reference to `ros::console::setLogLocationLevel(ros::console::LogLocation*, ros::console::levels::Level)'
/usr/bin/ld: SmbHighlevelController.cpp:(.text._ZN3ros27SubscriptionCallbackHelperTIRKN5boost10shared_ptrIKN11sensor_msgs12PointCloud2_ISaIvEEEEEvE11deserializeERKNS_43SubscriptionCallbackHelperDeserializeParamsE[_ZN3ros27SubscriptionCallbackHelperTIRKN5boost10shared_ptrIKN11sensor_msgs12PointCloud2_ISaIvEEEEEvE11deserializeERKNS_43SubscriptionCallbackHelperDeserializeParamsE]+0x10a): undefined reference to `ros::console::checkLogLocationEnabled(ros::console::LogLocation*)'
/usr/bin/ld: SmbHighlevelController.cpp:(.text._ZN3ros27SubscriptionCallbackHelperTIRKN5boost10shared_ptrIKN11sensor_msgs12PointCloud2_ISaIvEEEEEvE11deserializeERKNS_43SubscriptionCallbackHelperDeserializeParamsE[_ZN3ros27SubscriptionCallbackHelperTIRKN5boost10shared_ptrIKN11sensor_msgs12PointCloud2_ISaIvEEEEEvE11deserializeERKNS_43SubscriptionCallbackHelperDeserializeParamsE]+0x187): undefined reference to `ros::console::print(ros::console::FilterBase*, void*, ros::console::levels::Level, char const*, int, char const*, char const*, ...)'
/usr/bin/ld: CMakeFiles/smb_highlevel_controller.dir/src/SmbHighlevelController.cpp.o: in function `ros::SubscriptionCallbackHelperT<boost::shared_ptr<sensor_msgs::LaserScan_<std::allocator<void> > const> const&, void>::deserialize(ros::SubscriptionCallbackHelperDeserializeParams const&)':
SmbHighlevelController.cpp:(.text._ZN3ros27SubscriptionCallbackHelperTIRKN5boost10shared_ptrIKN11sensor_msgs10LaserScan_ISaIvEEEEEvE11deserializeERKNS_43SubscriptionCallbackHelperDeserializeParamsE[_ZN3ros27SubscriptionCallbackHelperTIRKN5boost10shared_ptrIKN11sensor_msgs10LaserScan_ISaIvEEEEEvE11deserializeERKNS_43SubscriptionCallbackHelperDeserializeParamsE]+0x65): undefined reference to `ros::console::g_initialized'
/usr/bin/ld: SmbHighlevelController.cpp:(.text._ZN3ros27SubscriptionCallbackHelperTIRKN5boost10shared_ptrIKN11sensor_msgs10LaserScan_ISaIvEEEEEvE11deserializeERKNS_43SubscriptionCallbackHelperDeserializeParamsE[_ZN3ros27SubscriptionCallbackHelperTIRKN5boost10shared_ptrIKN11sensor_msgs10LaserScan_ISaIvEEEEEvE11deserializeERKNS_43SubscriptionCallbackHelperDeserializeParamsE]+0x75): undefined reference to `ros::console::initialize()'
/usr/bin/ld: SmbHighlevelController.cpp:(.text._ZN3ros27SubscriptionCallbackHelperTIRKN5boost10shared_ptrIKN11sensor_msgs10LaserScan_ISaIvEEEEEvE11deserializeERKNS_43SubscriptionCallbackHelperDeserializeParamsE[_ZN3ros27SubscriptionCallbackHelperTIRKN5boost10shared_ptrIKN11sensor_msgs10LaserScan_ISaIvEEEEEvE11deserializeERKNS_43SubscriptionCallbackHelperDeserializeParamsE]+0xc2): undefined reference to `ros::console::initializeLogLocation(ros::console::LogLocation*, std::__cxx11::basic_string<char, std::char_traits<char>, std::allocator<char> > const&, ros::console::levels::Level)'
/usr/bin/ld: SmbHighlevelController.cpp:(.text._ZN3ros27SubscriptionCallbackHelperTIRKN5boost10shared_ptrIKN11sensor_msgs10LaserScan_ISaIvEEEEEvE11deserializeERKNS_43SubscriptionCallbackHelperDeserializeParamsE[_ZN3ros27SubscriptionCallbackHelperTIRKN5boost10shared_ptrIKN11sensor_msgs10LaserScan_ISaIvEEEEEvE11deserializeERKNS_43SubscriptionCallbackHelperDeserializeParamsE]+0xfe): undefined reference to `ros::console::setLogLocationLevel(ros::console::LogLocation*, ros::console::levels::Level)'
/usr/bin/ld: SmbHighlevelController.cpp:(.text._ZN3ros27SubscriptionCallbackHelperTIRKN5boost10shared_ptrIKN11sensor_msgs10LaserScan_ISaIvEEEEEvE11deserializeERKNS_43SubscriptionCallbackHelperDeserializeParamsE[_ZN3ros27SubscriptionCallbackHelperTIRKN5boost10shared_ptrIKN11sensor_msgs10LaserScan_ISaIvEEEEEvE11deserializeERKNS_43SubscriptionCallbackHelperDeserializeParamsE]+0x10a): undefined reference to `ros::console::checkLogLocationEnabled(ros::console::LogLocation*)'
/usr/bin/ld: SmbHighlevelController.cpp:(.text._ZN3ros27SubscriptionCallbackHelperTIRKN5boost10shared_ptrIKN11sensor_msgs10LaserScan_ISaIvEEEEEvE11deserializeERKNS_43SubscriptionCallbackHelperDeserializeParamsE[_ZN3ros27SubscriptionCallbackHelperTIRKN5boost10shared_ptrIKN11sensor_msgs10LaserScan_ISaIvEEEEEvE11deserializeERKNS_43SubscriptionCallbackHelperDeserializeParamsE]+0x187): undefined reference to `ros::console::print(ros::console::FilterBase*, void*, ros::console::levels::Level, char const*, int, char const*, char const*, ...)'
collect2: error: ld returned 1 exit status
make[2]: *** [CMakeFiles/smb_highlevel_controller.dir/build.make:106: /home/lin/Workspaces/Programming-for-Robotics-ROS/smb_ws/devel/.private/smb_highlevel_controller/lib/smb_highlevel_controller/smb_highlevel_controller] Error 1
make[1]: *** [CMakeFiles/Makefile2:727: CMakeFiles/smb_highlevel_controller.dir/all] Error 2
make: *** [Makefile:141: all] Error 2
